<?xml version="1.0" encoding="UTF-8"?>
<testsuite xmlns:xsi="http://www.w3.org/2001/XMLSchema-instance" xsi:noNamespaceSchemaLocation="https://maven.apache.org/surefire/maven-surefire-plugin/xsd/surefire-test-report-3.0.xsd" version="3.0" name="com.auth.authservice.service.AuthServiceTest" time="1.5" tests="8" errors="0" skipped="0" failures="0">
  <properties>
[...]
</properties>
  <testcase name="shouldThrowExceptionWithInvalidRefreshToken" classname="com.auth.authservice.service.AuthServiceTest" time="1.319"/>
  <testcase name="shouldRegisterUserSuccessfully" classname="com.auth.authservice.service.AuthServiceTest" time="0.079"/>
  <testcase name="shouldThrowExceptionWithInvalidCredentials" classname="com.auth.authservice.service.AuthServiceTest" time="0.016"/>
  <testcase name="shouldLoginSuccessfully" classname="com.auth.authservice.service.AuthServiceTest" time="0.012"/>
  <testcase name="shouldValidateAccessTokenSuccessfully" classname="com.auth.authservice.service.AuthServiceTest" time="0.009"/>
  <testcase name="shouldRefreshTokenSuccessfully" classname="com.auth.authservice.service.AuthServiceTest" time="0.009"/>
  <testcase name="shouldThrowExceptionWhenAccountIsBlocked" classname="com.auth.authservice.service.AuthServiceTest" time="0.006"/>
  <testcase name="shouldThrowExceptionWhenEmailAlreadyExists" classname="com.auth.authservice.service.AuthServiceTest" time="0.005"/>
</testsuite>